D:\Документы ВТБ\Участковая документация\Проекты\Проект изоляции лава л1 чураки\Схема изол перем трапеция.dwg,Model,27.04.2017 13:51:02,Андрей,Canon LBP2900,A4,0.0393701:2.27454,
D:\Документы ВТБ\Участковая документация\Проекты\Проект изоляции лава л1 чураки\Схема изол перем трапеция.dwg,Model,28.04.2017 6:47:03,Андрей,Canon LBP2900,A4,0.0393701:2.27454,
D:\Документы ВТБ\Участковая документация\Проекты\Проект изоляции лава л1 чураки\Схема изол перем трапеция.dwg,Model,28.04.2017 11:48:10,Андрей,Canon LBP2900,A4,0.0393701:2.27454,
D:\Документы ВТБ\Участковая документация\Проекты\Проект изоляции лава л1 чураки\Схема изол перем трапеция.dwg,Model,28.04.2017 11:48:54,Андрей,Canon LBP2900,A4,0.0393701:2.27454,
C:\Документы ВТБ\Участковая документация\Проекты\Проект изоляции коренной лавы Л1\Схема изол перем чураки пласт без труб.dwg,Model,25.05.2017 12:31:24,Андрей,Canon LBP2900a.pc3,A4,0.0393701:1.10323,
C:\Документы ВТБ\Участковая документация\Проекты\Проект изоляции коренной лавы Л1\Схема изол перем чураки пласт без труб.dwg,Model,25.05.2017 12:31:49,Андрей,Canon LBP2900a.pc3,A4,0.0393701:1.10323,
C:\Документы ВТБ\Участковая документация\Проекты\Проект изоляции коренной лавы Л1\Схема изол перем чураки пласт без труб.dwg,Model,25.05.2017 16:07:07,Андрей,Canon LBP2900a.pc3,A4,0.0393701:1.10323,
C:\Документы ВТБ\Участковая документация\Проекты\Проект изоляции коренной лавы Л1\Схема изол перем чураки пласт без труб.dwg,Model,25.05.2017 16:07:33,Андрей,Canon LBP2900a.pc3,A4,0.0393701:1.10323,
C:\Документы ВТБ\Участковая документация\Проекты\Проект изоляции коренной лавы Л1\Схема изол перем чураки пласт без труб2.dwg,Model,25.05.2017 17:51:11,Андрей,Canon LBP2900,A4,1:1.10323,
C:\Документы ВТБ\Участковая документация\Проекты\Проект изоляции коренной лавы Л1\Схема изол перем чураки пласт без труб2.dwg,Model,25.05.2017 17:51:49,Андрей,Canon LBP2900,A4,1:1.10323,
C:\Документы ВТБ\Участковая документация\Проекты\Проект изоляции коренной лавы Л1\Схема изол перем чураки без ACAD6.dwg,Model,26.05.2017 7:27:32,Андрей,Canon LBP2900,A4,0.0393701:1.10323,
C:\Документы ВТБ\Участковая документация\Проекты\Проект изоляции коренной лавы Л1\Схема изол перем чураки без ACAD6.dwg,Model,26.05.2017 7:30:58,Андрей,Canon LBP2900,A4,0.0393701:1.10323,
C:\Документы ВТБ\Участковая документация\Проекты\Проект изоляции коренной лавы Л1\Схема изол перем чураки без ACAD6.dwg,Model,26.05.2017 7:31:12,Андрей,Canon LBP2900,A4,0.0393701:1.10323,
C:\Документы ВТБ\Участковая документация\Проекты\Проект изоляции коренной лавы Л1\Схема изол перем чураки без труб_ACAD6.dwg,Model,26.05.2017 7:38:01,Андрей,Canon LBP2900,A4,0.0393701:1.10323,
C:\Документы ВТБ\Участковая документация\Проекты\Проект изоляции коренной лавы Л1\Схема изол перем чураки без труб_ACAD6.dwg,Model,26.05.2017 7:39:37,Андрей,Canon LBP2900,A4,0.0393701:1.10323,
C:\Документы ВТБ\Участковая документация\Проекты\Проект изоляции коренной лавы Л1\Схема изол перем чураки без ACAD6.dwg,Model,26.05.2017 7:45:32,Андрей,Canon LBP2900,A4,0.0393701:1.10323,
C:\Документы ВТБ\Участковая документация\Проекты\Проект изоляции коренной лавы Л1\Схема изол перем чураки без труб_ACAD6.dwg,Model,26.05.2017 7:51:22,Андрей,Canon LBP2900,A4,0.0393701:1.10323,
C:\Документы ВТБ\Участковая документация\Проекты\Проект изоляции коренной лавы Л1\Схема изол перем чураки без труб_ACAD6.dwg,Model,26.05.2017 7:52:48,Андрей,Canon LBP2900,A4,0.0393701:1.10323,
C:\Документы ВТБ\Участковая документация\Проекты\Проект изоляции коренной лавы Л1\Схема изол перем чураки без ACAD6.dwg,Model,26.05.2017 7:54:42,Андрей,Canon LBP2900,A4,0.0393701:1.10323,
C:\Документы ВТБ\Участковая документация\Проекты\Проект изоляции коренной лавы Л1\Схема изол перем чураки без труб_ACAD6.dwg,Model,26.05.2017 7:57:24,Андрей,Canon LBP2900,A4,0.0393701:1.10323,
C:\Документы ВТБ\Участковая документация\Проекты\Проект изоляции коренной лавы Л1\Схема изол перем чураки без труб_ACAD6.dwg,Model,26.05.2017 8:01:23,Андрей,Canon LBP2900,A4,0.0393701:1.10323,
C:\Документы ВТБ\Участковая документация\Проекты\Проект изоляции коренной лавы Л1\Схема изол перем чураки без труб.dwg,Model,26.05.2017 10:03:21,Андрей,Canon LBP2900,A4,0.0393701:1.10323,
C:\Документы ВТБ\Участковая документация\Проекты\Проект изоляции коренной лавы Л1\Схема изол перем чураки без труб.dwg,Model,26.05.2017 10:09:28,Андрей,Canon LBP2900,A4,0.0393701:1.10323,
C:\Документы ВТБ\Участковая документация\Проекты\Проект изоляции коренной лавы Л1\Схема изол перем чураки с трубами.dwg,Model,29.05.2017 7:20:05,Андрей,Canon LBP2900,A4,0.0393701:1.10323,
C:\Документы ВТБ\Участковая документация\Проекты\Проект изоляции коренной лавы Л1\Схема изол перем чураки с трубами.dwg,Model,29.05.2017 7:21:38,Андрей,Canon LBP2900,A4,1:1.10323,
C:\Документы ВТБ\Разное\БВР\Место разгрузки ВВ.dwg,Model,04.07.2017 8:46:34,Андрей,Canon LBP2900,A3,1:2.45341,
C:\Документы ВТБ\Разное\БВР\Место разгрузки ВВ.dwg,Model,04.07.2017 8:47:43,Андрей,Canon LBP2900,A3,1:2.45341,
C:\Документы ВТБ\Разное\БВР\Место разгрузки ВВ.dwg,Model,04.07.2017 8:48:48,Андрей,Canon LBP2900,A3,1:2.45341,
