D:\Документы ВТБ\Воздух\Схемы\СХЕМА ВЕНТИЛЯЦИИ 2014 .dwg,Model,14.05.2014 9:27:21,Андрей,Canon LBP2900,A4,0.0393701:5.77814,
D:\Документы ВТБ\Воздух\Схемы\СХЕМА ВЕНТИЛЯЦИИ 2014 .dwg,Model,14.05.2014 9:43:08,Андрей,Canon LBP2900,A4,0.0393701:5.77814,
D:\Документы ВТБ\Воздух\Схемы\СХЕМА ВЕНТИЛЯЦИИ 2014 .dwg,Model,21.05.2014 10:33:01,Андрей,Canon LBP2900,A4,0.0393701:5.77814,
D:\Документы ВТБ\Воздух\Схемы\СХЕМА ВЕНТИЛЯЦИИ 2014 .dwg,Model,21.05.2014 10:39:42,Андрей,Canon LBP2900,A4,0.0393701:5.31607,
D:\Документы ВТБ\Воздух\Схемы\СХЕМА ВЕНТИЛЯЦИИ 2014 .dwg,Model,26.05.2014 10:35:51,Андрей,Canon LBP2900,A4,0.0393701:1.39291,
D:\Документы ВТБ\Воздух\Схемы\СХЕМА ВЕНТИЛЯЦИИ 2014 .dwg,Model,26.05.2014 11:46:35,Андрей,Canon LBP2900,A4,0.0393701:1.50868,
D:\Документы ВТБ\Воздух\Схемы\СХЕМА ВЕНТИЛЯЦИИ НОВАЯ ЛАВА.dwg,Model,03.06.2014 22:16:03,Андрей,Canon LBP2900,A4,0.0393701:2.77644,
D:\Документы ВТБ\Воздух\Схемы\Реверсивный режим ств 2бис.dwg,Model,18.06.2014 8:39:47,Андрей,Canon LBP2900,A4,0.0393701:1.22605,
D:\Документы ВТБ\Воздух\Схемы\СХЕМА ВЕНТИЛЯЦИИ 2014 .dwg,Model,19.06.2014 6:31:03,Андрей,Canon LBP2900,A4,0.0393701:1.46412,
D:\Документы ВТБ\Воздух\Схемы\СХЕМА ВЕНТИЛЯЦИИ 2014 .dwg,Model,20.06.2014 10:55:34,Андрей,Canon LBP2900,A4,0.0393701:1.85876,
D:\Документы ВТБ\Воздух\Схемы\СХЕМА ВЕНТИЛЯЦИИ 2014 .dwg,Model,20.06.2014 10:56:58,Андрей,Canon LBP2900,A4,0.0393701:2.19714,
D:\Документы ВТБ\Воздух\Схемы\СХЕМА ВЕНТИЛЯЦИИ 2014 .dwg,Model,20.06.2014 10:57:12,Андрей,Canon LBP2900,A4,0.0393701:5.31607,
D:\Документы ВТБ\Воздух\Схемы\СХЕМА ВЕНТИЛЯЦИИ 2014 .dwg,Model,20.06.2014 11:02:32,Андрей,Canon LBP2900,A4,0.0393701:2.18396,
D:\Документы ВТБ\Воздух\Схемы\СХЕМА ВЕНТИЛЯЦИИ 2014 .dwg,Model,25.06.2014 7:05:14,Андрей,Canon LBP2900,A4,0.0393701:3.61976,
D:\Документы ВТБ\Воздух\Схемы\СХЕМА ВЕНТИЛЯЦИИ 2014 .dwg,Model,25.06.2014 7:12:43,Андрей,Canon LBP2900,A4,0.0393701:3.51849,
D:\Документы ВТБ\Воздух\Схемы\СХЕМА ВЕНТИЛЯЦИИ 2014 .dwg,Model,25.06.2014 7:13:33,Андрей,Canon LBP2900,A4,0.0393701:3.57506,
D:\Документы ВТБ\Воздух\Схемы\СХЕМА ВЕНТИЛЯЦИИ 2014 .dwg,Model,25.06.2014 7:34:33,Андрей,Canon LBP2900,A4,0.0393701:3.74333,
D:\Документы ВТБ\Воздух\Схемы\Реверсивный режим ств 2бис.dwg,Model,27.06.2014 12:07:57,Андрей,Canon LBP2900,A4,0.0393701:1.17224,
D:\Документы ВТБ\Воздух\Схемы\Реверсивный режим ств 2бис.dwg,Model,27.06.2014 12:32:31,Андрей,Canon LBP2900,A4,0.0393701:1.17224,
D:\Документы ВТБ\Воздух\Схемы\СХЕМА ВЕНТИЛЯЦИИ 2014 .dwg,Model,08.07.2014 10:55:15,Андрей,Canon LBP2900,A4,0.0393701:1.42721,
D:\Документы ВТБ\Воздух\Схемы\Экспл кам К5.dwg,Model,22.07.2014 11:35:20,Андрей,Canon LBP2900,A4,0.0393701:8.9069,
D:\Документы ВТБ\Воздух\Схемы\Реверсивный режим ств 2бис.dwg,Model,30.07.2014 10:45:08,Андрей,Canon LBP2900,A4,0.0393701:1.17224,
D:\Документы ВТБ\Воздух\Схемы\Cтв 2бис подробно.dwg,Model,31.07.2014 7:26:55,Андрей,Canon LBP2900,A4,0.0393701:1.5577,
D:\Документы ВТБ\Воздух\Схемы\Cтв 2бис подробно.dwg,Model,31.07.2014 7:29:05,Андрей,Canon LBP2900,A4,0.0393701:1.55667,
D:\Документы ВТБ\Воздух\Схемы\СХЕМА ВЕНТИЛЯЦИИ 2014 .dwg,Model,31.07.2014 11:45:19,Андрей,Canon LBP2900,A4,0.0393701:0.439065,
D:\Документы ВТБ\Воздух\Схемы\СХЕМА ВЕНТИЛЯЦИИ 2014 .dwg,Model,04.08.2014 8:58:20,Андрей,Canon LBP2900,A4,0.0393701:1.7063,
D:\Документы ВТБ\Воздух\Схемы\СХЕМА ВЕНТИЛЯЦИИ 2014 .dwg,Model,04.08.2014 9:00:07,Андрей,Canon LBP2900,A4,0.0393701:1.29968,
D:\Документы ВТБ\Воздух\Схемы\СХЕМА ВЕНТИЛЯЦИИ 2014 .dwg,Model,04.08.2014 9:01:12,Андрей,Canon LBP2900,A4,0.0393701:0.75932,
D:\Документы ВТБ\Воздух\Схемы\СХЕМА ВЕНТИЛЯЦИИ 2014 .dwg,Model,04.08.2014 9:03:38,Андрей,Canon LBP2900,A4,0.0393701:1.28031,
D:\Документы ВТБ\Воздух\Схемы\Cтв 2бис последний.dwg,Model,05.08.2014 10:43:02,Андрей,Canon LBP2900,A4,0.0393701:1.55667,
D:\Документы ВТБ\Воздух\Схемы\Cтв 2бис последний.dwg,Model,05.08.2014 11:25:18,Андрей,Canon LBP2900,A4,0.0393701:1.55667,
D:\Документы ВТБ\Воздух\Схемы\Cтв 2бис последний.dwg,Model,05.08.2014 11:25:36,Андрей,Canon LBP2900,A4,0.0393701:1.55667,
D:\Документы ВТБ\Воздух\Схемы\СХЕМА ВЕНТИЛЯЦИИ 2014 .dwg,Model,07.08.2014 13:24:09,Андрей,Canon LBP2900,A4,0.0393701:0.758286,
D:\Документы ВТБ\Воздух\Схемы\СХЕМА ВЕНТИЛЯЦИИ 2014 .dwg,Model,07.08.2014 13:25:20,Андрей,Canon LBP2900,A4,0.0393701:5.31607,
D:\Документы ВТБ\Воздух\Схемы\Cтв 2бис последний.dwg,Model,08.08.2014 8:58:21,Андрей,Canon LBP2900,A4,0.0393701:1.55667,
D:\Документы ВТБ\Воздух\Схемы\Cтв 2бис последний.dwg,Model,08.08.2014 10:03:36,Андрей,Canon LBP2900,A4,0.0393701:1.55667,
D:\Документы ВТБ\Воздух\Схемы\СХЕМА ВЕНТИЛЯЦИИ 2014 .dwg,Model,26.08.2014 11:15:30,Андрей,Canon LBP2900,A4,0.0393701:0.678347,
D:\Документы ВТБ\Воздух\Схемы\СХЕМА ВЕНТИЛЯЦИИ 2014 .dwg,Model,26.08.2014 11:18:03,Андрей,Canon LBP2900,A4,0.0393701:0.892609,
D:\Документы ВТБ\Воздух\Схемы\СХЕМА ВЕНТИЛЯЦИИ 2014 .dwg,Model,26.08.2014 11:18:53,Андрей,Canon LBP2900,A4,0.0393701:1.24526,
D:\Документы ВТБ\Воздух\Схемы\СХЕМА ВЕНТИЛЯЦИИ 2014 .dwg,Model,26.08.2014 11:20:57,Андрей,Canon LBP2900,A4,0.0393701:1.23291,
D:\Документы ВТБ\Воздух\Схемы\СХЕМА ВЕНТИЛЯЦИИ 2014 .dwg,Model,26.08.2014 11:23:49,Андрей,Canon LBP2900,A4,0.0393701:0.9114,
D:\Документы ВТБ\Воздух\Схемы\СХЕМА ВЕНТИЛЯЦИИ 2014 .dwg,Model,26.08.2014 11:24:48,Андрей,Canon LBP2900,A4,0.0393701:1.85655,
D:\Документы ВТБ\Воздух\Схемы\СХЕМА ВЕНТИЛЯЦИИ 2014 .dwg,Model,28.08.2014 9:58:48,Андрей,Canon LBP2900,A4,0.0393701:0.953959,
D:\Документы ВТБ\Воздух\Схемы\СХЕМА ВЕНТИЛЯЦИИ 2014 .dwg,Model,28.08.2014 10:00:01,Андрей,Canon LBP2900,A4,0.0393701:0.726389,
D:\Документы ВТБ\Воздух\Схемы\СХЕМА ВЕНТИЛЯЦИИ 2014 .dwg,Model,28.08.2014 10:01:18,Андрей,Canon LBP2900,A4,0.0393701:1.79643,
D:\Документы ВТБ\Воздух\Схемы\СХЕМА ВЕНТИЛЯЦИИ 2014 .dwg,Model,28.08.2014 10:03:01,Андрей,Canon LBP2900,A4,0.0393701:1.2599,
D:\Документы ВТБ\Воздух\Схемы\СХЕМА ВЕНТИЛЯЦИИ 2014 .dwg,Model,28.08.2014 10:03:35,Андрей,Canon LBP2900,A4,0.0393701:1.23321,
D:\Документы ВТБ\Воздух\Схемы\СХЕМА ВЕНТИЛЯЦИИ 2014 .dwg,Model,28.08.2014 10:04:23,Андрей,Canon LBP2900,A4,0.0393701:0.921866,
D:\Документы ВТБ\Воздух\Схемы\СХЕМА ВЕНТИЛЯЦИИ 2014 .dwg,Model,29.08.2014 14:00:17,Андрей,Canon LBP2900,A4,0.0393701:5.33772,
D:\Документы ВТБ\Воздух\Схемы\СХЕМА ВЕНТИЛЯЦИИ 2014 .dwg,Model,03.09.2014 10:10:58,Андрей,Canon LBP2900,A4,0.0393701:5.34456,
D:\Документы ВТБ\Воздух\Схемы\СХЕМА ВЕНТИЛЯЦИИ 2014 .dwg,Model,03.09.2014 10:11:15,Андрей,Canon LBP2900,A4,0.0393701:5.31607,
D:\Документы ВТБ\Воздух\Схемы\СХЕМА ВЕНТИЛЯЦИИ 2014 .dwg,Model,05.09.2014 13:24:01,Андрей,Canon LBP2900,A4,0.0393701:1.92091,
D:\Документы ВТБ\Воздух\Схемы\СХЕМА ВЕНТИЛЯЦИИ 2014 .dwg,Model,08.09.2014 10:20:47,Андрей,Canon LBP2900,A4,0.0393701:5.28281,
D:\Документы ВТБ\Воздух\Схемы\СХЕМА ВЕНТИЛЯЦИИ 2014 .dwg,Model,08.09.2014 11:58:03,Андрей,Canon LBP2900,A4,0.0393701:1.8737,
D:\Документы ВТБ\Воздух\Схемы\СХЕМА ВЕНТИЛЯЦИИ 2014 .dwg,Model,08.09.2014 11:58:42,Андрей,Canon LBP2900,A4,0.0393701:1.905,
D:\Документы ВТБ\Воздух\Схемы\СХЕМА ВЕНТИЛЯЦИИ 2014 .dwg,Model,08.09.2014 12:01:12,Андрей,Canon LBP2900,A4,0.0393701:1.28988,
D:\Документы ВТБ\Участковая документация\Проекты\Изоляция вент квг 622\Схема изол перем вент квг 622.dwg,Model,08.09.2014 12:03:30,Андрей,Canon LBP2900,A4,0.0393701:1.09725,
D:\Документы ВТБ\Воздух\Схемы\СХЕМА ВЕНТИЛЯЦИИ 2014 .dwg,Model,09.09.2014 8:34:24,Андрей,Canon LBP2900,A4,0.0393701:5.28281,
D:\Документы ВТБ\Воздух\Схемы\СХЕМА ВЕНТИЛЯЦИИ 2014 .dwg,Model,09.09.2014 8:56:16,Андрей,Canon LBP2900,A4,0.0393701:2.38147,
D:\Документы ВТБ\Воздух\Схемы\СХЕМА ВЕНТИЛЯЦИИ 2014 .dwg,Model,09.09.2014 12:54:14,Андрей,Canon LBP2900,A4,0.0393701:2.3778,
D:\Документы ВТБ\Воздух\Схемы\СХЕМА ВЕНТИЛЯЦИИ 2014 .dwg,Model,09.09.2014 13:13:49,Андрей,Canon LBP2900,A4,0.0393701:0.783604,
D:\Документы ВТБ\Воздух\Схемы\СХЕМА ВЕНТИЛЯЦИИ 2014 .dwg,Model,10.09.2014 8:08:17,Андрей,Canon LBP2900,A4,0.0393701:2.50581,
D:\Документы ВТБ\Воздух\Схемы\СХЕМА ВЕНТИЛЯЦИИ 2014 .dwg,Model,15.09.2014 9:31:57,Андрей,Canon LBP2900,A4,0.0393701:2.18265,
D:\Документы ВТБ\Воздух\Схемы\СХЕМА ВЕНТИЛЯЦИИ 2014 .dwg,Model,02.10.2014 12:54:30,Андрей,Canon LBP2900,A4,0.0393701:3.55356,
D:\Документы ВТБ\Воздух\Схемы\СХЕМА ВЕНТИЛЯЦИИ 2014 .dwg,Model,03.10.2014 7:59:37,Андрей,Canon LBP2900,A4,0.0393701:4.56776,
D:\Документы ВТБ\Воздух\Схемы\СХЕМА ВЕНТИЛЯЦИИ 2014 .dwg,Model,03.10.2014 8:00:45,Андрей,Canon LBP2900,A4,0.0393701:4.56227,
D:\Документы ВТБ\Воздух\Схемы\СХЕМА ВЕНТИЛЯЦИИ 2014 .dwg,Model,03.10.2014 8:01:33,Андрей,Canon LBP2900,A4,0.0393701:3.88916,
D:\Документы ВТБ\Воздух\Схемы\СХЕМА ВЕНТИЛЯЦИИ 2014 .dwg,Model,03.10.2014 8:01:58,Андрей,Canon LBP2900,A4,0.0393701:4.56227,
D:\Документы ВТБ\Воздух\Схемы\СХЕМА ВЕНТИЛЯЦИИ 2014 .dwg,Model,03.10.2014 8:02:33,Андрей,Canon LBP2900,A4,0.0393701:3.73875,
D:\Документы ВТБ\Воздух\Схемы\СХЕМА ВЕНТИЛЯЦИИ 2014 .dwg,Model,08.10.2014 10:57:45,Андрей,Canon LBP2900,A4,0.0393701:2.17281,
D:\Документы ВТБ\Воздух\Схемы\СХЕМА ВЕНТИЛЯЦИИ 2014 .dwg,Model,08.10.2014 13:27:12,Андрей,Canon LBP2900,A4,0.0393701:1.28634,
D:\Документы ВТБ\Воздух\Схемы\Cтв 2бис последний.dwg,Model,15.10.2014 7:47:52,Андрей,Canon LBP2900,A4,0.0393701:1.55667,
D:\Документы ВТБ\Воздух\Схемы\Cтв 2бис последний.dwg,Model,15.10.2014 7:57:17,Андрей,Canon LBP2900,A4,0.0393701:1.55667,
D:\Документы ВТБ\Воздух\Схемы\Cтв 2бис последний.dwg,Model,15.10.2014 7:58:26,Андрей,Canon LBP2900,A4,0.0393701:1.55667,
D:\Документы ВТБ\Воздух\Схемы\Cтв 2бис последний.dwg,Model,15.10.2014 8:04:51,Андрей,Canon LBP2900,A4,0.0393701:1.55667,
D:\Документы ВТБ\Воздух\Схемы\Cтв 2бис последний.dwg,Model,15.10.2014 8:46:53,Андрей,Canon LBP2900,A4,0.0393701:1.55667,
D:\Документы ВТБ\Воздух\Схемы\1юж лава К5 №2.dwg,Model,29.10.2014 9:07:28,Андрей,Canon LBP2900,A4,0.0393701:2.18459,
D:\Документы ВТБ\Воздух\Схемы\СХЕМА ВЕНТИЛЯЦИИ 2014 .dwg,Model,17.12.2014 9:17:40,Андрей,Canon LBP2900,A4,0.0393701:2.34906,
D:\Документы ВТБ\Воздух\Схемы\СХЕМА ВЕНТИЛЯЦИИ 2014 .dwg,Model,17.12.2014 9:19:49,Андрей,Canon LBP2900,A4,0.0393701:2.46382,
D:\Документы ВТБ\Воздух\Схемы\СХЕМА ВЕНТИЛЯЦИИ 2014 .dwg,Model,19.12.2014 12:31:50,Андрей,Canon LBP2900,A4,0.0393701:2.39867,
D:\Документы ВТБ\Воздух\Схемы\СХЕМА ВЕНТИЛЯЦИИ 2014 .dwg,Model,19.12.2014 12:33:09,Андрей,Canon LBP2900,A4,0.0393701:2.39867,
D:\Документы ВТБ\Воздух\Схемы\СХЕМА ВЕНТИЛЯЦИИ 2014 .dwg,Model,02.01.2015 11:02:08,Андрей,Canon LBP2900,A4,0.0393701:5.29597,
D:\Документы ВТБ\Воздух\Схемы\СХЕМА ВЕНТИЛЯЦИИ 2014 .dwg,Model,02.01.2015 11:03:04,Андрей,Canon LBP2900,A4,0.0393701:1.87096,
D:\Документы ВТБ\Воздух\Схемы\СХЕМА ВЕНТИЛЯЦИИ 2014 .dwg,Model,19.01.2015 12:43:30,Андрей,Canon LBP2900,A4,0.0393701:1.82125,
D:\Документы ВТБ\Воздух\Схемы\СХЕМА ВЕНТИЛЯЦИИ 2014 .dwg,Model,02.02.2015 9:46:15,Андрей,Canon LBP2900,A4,0.0393701:1.26047,
D:\Документы ВТБ\Воздух\Схемы\СХЕМА ВЕНТИЛЯЦИИ 2014 .dwg,Model,02.02.2015 9:48:08,Андрей,Canon LBP2900,A4,0.0393701:0.836985,
D:\Документы ВТБ\Воздух\Схемы\СХЕМА ВЕНТИЛЯЦИИ 2014 .dwg,Model,02.02.2015 9:49:27,Андрей,Canon LBP2900,A4,0.0393701:0.705612,
D:\Документы ВТБ\Воздух\Схемы\СХЕМА ВЕНТИЛЯЦИИ 2014 .dwg,Model,02.02.2015 9:54:38,Андрей,Canon LBP2900,A4,0.0393701:0.954501,
D:\Документы ВТБ\Воздух\Схемы\СХЕМА ВЕНТИЛЯЦИИ 2014 .dwg,Model,02.02.2015 9:56:30,Андрей,Canon LBP2900,A4,0.0393701:1.26818,
D:\Документы ВТБ\Воздух\Схемы\СХЕМА ВЕНТИЛЯЦИИ 2014 .dwg,Model,02.02.2015 9:57:04,Андрей,Canon LBP2900,A4,0.0393701:1.82215,
D:\Документы ВТБ\Воздух\Схемы\Схема Н10 с лавой.dwg,Model,10.06.2015 7:29:53,Андрей,Canon LBP2900,A4,0.0393701:3.36195,
D:\Документы ВТБ\Воздух\Схемы\Схема Н10 с лавой.dwg,Model,10.06.2015 7:38:58,Андрей,Canon LBP2900,A4,0.0393701:2.75367,
D:\Документы ВТБ\Воздух\Схемы\Схема Н10 с лавой.dwg,Model,10.06.2015 7:40:48,Андрей,Canon LBP2900,A4,0.0393701:2.65335,
D:\Документы ВТБ\Воздух\Схемы\Схема Н10 с лавой.dwg,Model,10.06.2015 7:42:25,Андрей,Canon LBP2900,A4,0.0393701:2.65335,
D:\Документы ВТБ\Воздух\Схемы\Схема Н10 с лавой.dwg,Model,10.06.2015 7:44:16,Андрей,Canon LBP2900,A4,0.0393701:2.65335,
D:\Документы ВТБ\Воздух\Схемы\СХЕМА Л1 .dwg,Model,12.06.2015 12:09:45,Андрей,Canon LBP2900,A4,0.0393701:1.90248,
D:\Документы ВТБ\Воздух\Схемы\СХЕМА Л1 .dwg,Model,12.06.2015 12:17:23,Андрей,Canon LBP2900,A4,0.0393701:1.90248,
D:\Документы ВТБ\Воздух\Схемы\СХЕМА Л1 .dwg,Model,12.06.2015 12:20:14,Андрей,Canon LBP2900,A4,0.0393701:1.90248,
D:\Документы ВТБ\Воздух\Схемы\СХЕМА Л1 .dwg,Model,15.06.2015 7:46:28,Андрей,Canon LBP2900,A4,0.0393701:1.48083,
D:\Документы ВТБ\Воздух\Схемы\СХЕМА Л1 .dwg,Model,15.06.2015 7:47:04,Андрей,Canon LBP2900,A4,0.0393701:1.90248,
D:\Документы ВТБ\Воздух\Схемы\СХЕМА ВЕНТИЛЯЦИИ 2014 .dwg,Model,19.06.2015 9:54:44,Андрей,Canon LBP2900,A4,0.0393701:0.707802,
D:\Документы ВТБ\Воздух\Схемы\СХЕМА ВЕНТИЛЯЦИИ 2014 .dwg,Model,30.06.2015 10:49:03,Андрей,Canon LBP2900,A4,0.0393701:2.17281,
D:\Документы ВТБ\Воздух\Схемы\СХЕМА ВЕНТИЛЯЦИИ 2015 .dwg,Model,03.07.2015 9:17:17,Андрей,Canon LBP2900,A4,0.0393701:1.00458,
D:\Документы ВТБ\Схемы\СХЕМА ВЕНТИЛЯЦИИ 2015 .dwg,Model,10.07.2015 7:08:47,Андрей,Canon LBP2900,A4,0.0393701:3.51436,
D:\Документы ВТБ\Схемы\СХЕМА ВЕНТИЛЯЦИИ 2015 .dwg,Model,10.07.2015 7:10:56,Андрей,Canon LBP2900,A4,0.0393701:0.685145,
D:\Документы ВТБ\Схемы\СХЕМА ВЕНТИЛЯЦИИ 2015 .dwg,Model,10.07.2015 7:12:10,Андрей,Canon LBP2900,A4,0.0393701:1.76131,
D:\Документы ВТБ\Схемы\СХЕМА ВЕНТИЛЯЦИИ 2015 .dwg,Model,10.07.2015 7:38:00,Андрей,Canon LBP2900,A4,0.0393701:1.2877,
D:\Документы ВТБ\Схемы\СХЕМА ВЕНТИЛЯЦИИ 2015 .dwg,Model,10.07.2015 7:39:00,Андрей,Canon LBP2900,A4,0.0393701:0.920133,
D:\Документы ВТБ\Схемы\СХЕМА ВЕНТИЛЯЦИИ 2015 .dwg,Model,10.07.2015 7:40:48,Андрей,Canon LBP2900,A4,0.0393701:0.525464,
D:\Документы ВТБ\Схемы\СХЕМА ВЕНТИЛЯЦИИ 2015 .dwg,Model,10.07.2015 7:41:43,Андрей,Canon LBP2900,A4,0.0393701:0.493235,
D:\Документы ВТБ\Схемы\СХЕМА ВЕНТИЛЯЦИИ 2015 .dwg,Model,17.07.2015 11:20:31,Андрей,Canon LBP2900,A4,0.0393701:0.613073,
D:\Документы ВТБ\Схемы\СХЕМА ВЕНТИЛЯЦИИ 2015 .dwg,Model,29.07.2015 10:24:24,Андрей,Canon LBP2900,A4,0.0393701:1.74168,
D:\Документы ВТБ\Схемы\СХЕМА ВЕНТИЛЯЦИИ 2015 .dwg,Model,19.08.2015 10:58:39,Андрей,Canon LBP2900,A4,0.0393701:1.82629,
D:\Документы ВТБ\Схемы\СХЕМА ВЕНТИЛЯЦИИ 2015 .dwg,Model,20.08.2015 7:25:49,Андрей,Canon LBP2900,A4,0.0393701:3.46719,
D:\Документы ВТБ\Схемы\СХЕМА ВЕНТИЛЯЦИИ 2015 .dwg,Model,03.09.2015 8:43:07,Андрей,Canon LBP2900,A4,0.0393701:3.3755,
D:\Документы ВТБ\Схемы\СХЕМА ВЕНТИЛЯЦИИ 2015 .dwg,Model,03.09.2015 8:45:02,Андрей,Canon LBP2900,A4,0.0393701:4.375,
D:\Документы ВТБ\Схемы\СХЕМА ВЕНТИЛЯЦИИ 2015 .dwg,Model,03.09.2015 8:48:36,Андрей,Canon LBP2900,A4,0.0393701:4.3,
D:\Документы ВТБ\Схемы\СХЕМА ВЕНТИЛЯЦИИ 2015 .dwg,Model,03.09.2015 8:49:15,Андрей,Canon LBP2900,A4,0.0393701:4.3,
D:\Документы ВТБ\Схемы\СХЕМА ВЕНТИЛЯЦИИ 2015 .dwg,Model,03.09.2015 8:54:03,Андрей,Canon LBP2900,A4,0.0393701:4.3,
D:\Документы ВТБ\Схемы\СХЕМА ВЕНТИЛЯЦИИ 2015 .dwg,Model,03.09.2015 9:09:43,Андрей,Canon LBP2900,A4,0.0393701:2.3,
D:\Документы ВТБ\Схемы\СХЕМА ВЕНТИЛЯЦИИ 2015 .dwg,Model,03.09.2015 9:11:17,Андрей,Canon LBP2900,A4,0.0393701:2.3,
D:\Документы ВТБ\Схемы\СХЕМА ВЕНТИЛЯЦИИ 2015 .dwg,Model,08.09.2015 11:29:09,Андрей,Canon LBP2900,A4,0.0393701:5.33619,
D:\Документы ВТБ\Схемы\СХЕМА ВЕНТИЛЯЦИИ 2015 .dwg,Model,02.10.2015 6:42:36,Андрей,Canon LBP2900,A4,0.0393701:2.46724,
D:\Документы ВТБ\Схемы\СХЕМА ВЕНТИЛЯЦИИ 2015 .dwg,Model,17.11.2015 9:20:50,Андрей,Canon LBP2900,A4,0.0393701:5.33619,
D:\Документы ВТБ\Схемы\СХЕМА ВЕНТИЛЯЦИИ 2015.dwg,Model,05.01.2016 12:10:23,Андрей,Canon LBP2900,A4,0.0393701:0.705311,
D:\Документы ВТБ\Схемы\СХЕМА ВЕНТИЛЯЦИИ 2015.dwg,Model,05.01.2016 12:11:08,Андрей,Canon LBP2900,A4,0.0393701:1.08016,
D:\Документы ВТБ\Схемы\СХЕМА ВЕНТИЛЯЦИИ 2015.dwg,Model,05.01.2016 12:12:17,Андрей,Canon LBP2900,A4,0.0393701:1.06819,
D:\Документы ВТБ\Схемы\СХЕМА ВЕНТИЛЯЦИИ 2015.dwg,Model,05.01.2016 12:12:59,Андрей,Canon LBP2900,A4,0.0393701:0.521653,
D:\Документы ВТБ\Схемы\СХЕМА ВЕНТИЛЯЦИИ 2015.dwg,Model,05.01.2016 12:13:27,Андрей,Canon LBP2900,A4,0.0393701:0.516876,
D:\Документы ВТБ\Схемы\СХЕМА ВЕНТИЛЯЦИИ 2015.dwg,Model,05.01.2016 12:13:56,Андрей,Canon LBP2900,A4,0.0393701:0.464927,
D:\Документы ВТБ\Схемы\СХЕМА ВЕНТИЛЯЦИИ 2015.dwg,Model,05.01.2016 12:15:09,Андрей,Canon LBP2900,A4,0.0393701:0.461088,
D:\Документы ВТБ\Схемы\Докладная.dwg,Model,10.01.2016 9:52:39,Андрей,Canon LBP2900,A4,0.0393701:6.5,
D:\Документы ВТБ\Схемы\Докладная.dwg,Model,10.01.2016 10:44:25,Андрей,Canon LBP2900,A4,0.0393701:6.5,
D:\Документы ВТБ\Схемы\Докладная.dwg,Model,11.01.2016 6:31:28,Андрей,Canon LBP2900,A4,0.0393701:6.5,
D:\Документы ВТБ\Схемы\Докладная.dwg,Model,11.01.2016 12:16:41,Андрей,Canon LBP2900,A4,0.0393701:6.5,
D:\Документы ВТБ\Схемы\Докладная.dwg,Model,11.01.2016 12:32:54,Андрей,Canon LBP2900,A4,0.0393701:6.5,
D:\Документы ВТБ\Схемы\Докладная.dwg,Model,11.01.2016 12:33:31,Андрей,Canon LBP2900,A4,0.0393701:6.5,
D:\Документы ВТБ\Схемы\СХЕМА ВЕНТИЛЯЦИИ 2015.dwg,Model,12.01.2016 11:49:21,Андрей,Canon LBP2900,A4,0.0393701:1.116,
D:\Документы ВТБ\Схемы\СХЕМА ВЕНТИЛЯЦИИ 2015.dwg,Model,12.01.2016 11:50:04,Андрей,Canon LBP2900,A4,0.0393701:2.08971,
D:\Документы ВТБ\Схемы\СХЕМА ВЕНТИЛЯЦИИ 2015.dwg,Model,12.01.2016 11:51:01,Андрей,Canon LBP2900,A4,0.0393701:2.6,
D:\Документы ВТБ\Схемы\СХЕМА ВЕНТИЛЯЦИИ 2015.dwg,Model,12.01.2016 11:51:30,Андрей,Canon LBP2900,A4,0.0393701:2.6,
D:\Документы ВТБ\Схемы\СХЕМА ВЕНТИЛЯЦИИ 2015.dwg,Model,12.01.2016 11:54:30,Андрей,Canon LBP2900,A4,0.0393701:2.6,
D:\Документы ВТБ\Схемы\СХЕМА ВЕНТИЛЯЦИИ 2015.dwg,Model,12.01.2016 13:00:07,Андрей,Canon LBP2900,A4,0.0393701:2.6,
D:\Документы ВТБ\Схемы\СХЕМА ВЕНТИЛЯЦИИ 2015.dwg,Model,12.01.2016 13:01:00,Андрей,Canon LBP2900,A4,0.0393701:2.6,
D:\Документы ВТБ\Схемы\СХЕМА ВЕНТИЛЯЦИИ 2015.dwg,Model,12.01.2016 13:02:33,Андрей,Canon LBP2900,A4,0.0393701:2.6,
D:\Документы ВТБ\Схемы\СХЕМА ВЕНТИЛЯЦИИ 2015.dwg,Model,12.01.2016 13:07:52,Андрей,Canon LBP2900,A4,0.0393701:2.6,
D:\Документы ВТБ\Схемы\СХЕМА ВЕНТИЛЯЦИИ 2015.dwg,Model,12.01.2016 13:08:34,Андрей,Canon LBP2900,A4,0.0393701:2.6,
D:\Документы ВТБ\Схемы\СХЕМА ВЕНТИЛЯЦИИ 2015.dwg,Model,12.01.2016 13:12:25,Андрей,Canon LBP2900,A4,0.0393701:2.6,
D:\Документы ВТБ\Схемы\СХЕМА ВЕНТИЛЯЦИИ 2015.dwg,Model,15.01.2016 11:15:49,Андрей,Canon LBP2900,A4,0.0393701:2.8,
D:\Документы ВТБ\Схемы\СХЕМА ВЕНТИЛЯЦИИ 2015.dwg,Model,15.01.2016 11:16:57,Андрей,Canon LBP2900,A4,0.0393701:3.14871,
D:\Документы ВТБ\Схемы\СХЕМА ВЕНТИЛЯЦИИ 2015.dwg,Model,15.01.2016 11:19:26,Андрей,Canon LBP2900,A4,0.0393701:3.4,
D:\Документы ВТБ\Схемы\СХЕМА ВЕНТИЛЯЦИИ 2015.dwg,Model,15.01.2016 11:21:52,Андрей,Canon LBP2900.pc3,A4,1:3.7,
D:\Документы ВТБ\Схемы\СХЕМА ВЕНТИЛЯЦИИ 2015.dwg,Model,15.01.2016 11:22:57,Андрей,Canon LBP2900,A4,0.0393701:3.7,
D:\Документы ВТБ\Схемы\СХЕМА ВЕНТИЛЯЦИИ 2015.dwg,Model,15.01.2016 11:24:06,Андрей,Canon LBP2900,A4,0.0393701:4,
D:\Документы ВТБ\Схемы\СХЕМА ВЕНТИЛЯЦИИ 2015.dwg,Model,15.01.2016 11:33:17,Андрей,Canon LBP2900,A4,0.0393701:4,
D:\Документы ВТБ\Схемы\СХЕМА ВЕНТИЛЯЦИИ 2015.dwg,Model,15.01.2016 11:35:54,Андрей,Canon LBP2900,A4,0.0393701:4,
D:\Документы ВТБ\Схемы\Докладная.dwg,Model,30.01.2016 7:28:42,Андрей,Canon LBP2900,A4,0.0393701:6.5,
D:\Документы ВТБ\Схемы\СХЕМА ВЕНТИЛЯЦИИ 2015.dwg,Model,02.02.2016 8:45:01,Андрей,Canon LBP2900,A4,0.0393701:0.95358,
D:\Документы ВТБ\Схемы\СХЕМА ВЕНТИЛЯЦИИ 2015.dwg,Model,02.02.2016 8:46:34,Андрей,Canon LBP2900,A4,0.0393701:0.915297,
D:\Документы ВТБ\Схемы\СХЕМА ВЕНТИЛЯЦИИ 2015.dwg,Model,05.02.2016 10:11:16,Андрей,Canon LBP2900,A4,0.0393701:1.337,
D:\Документы ВТБ\Схемы\СХЕМА ВЕНТИЛЯЦИИ 2015.dwg,Model,05.02.2016 10:16:20,Андрей,Canon LBP2900,A4,0.0393701:1.5,
D:\Документы ВТБ\Схемы\СХЕМА ВЕНТИЛЯЦИИ 2015.dwg,Model,10.02.2016 10:16:58,Андрей,Canon LBP2900,A4,0.0393701:1.2,
D:\Документы ВТБ\Схемы\Докладная.dwg,Model,13.02.2016 8:48:19,Андрей,Canon LBP2900,A4,0.0393701:6.5,
D:\Документы ВТБ\Схемы\СХЕМА ВЕНТИЛЯЦИИ 2015.dwg,Model,04.03.2016 10:05:52,Андрей,Canon LBP2900,A4,0.0393701:1.2,
D:\Документы ВТБ\Схемы\СХЕМА ВЕНТИЛЯЦИИ 2015.dwg,Model,18.03.2016 9:51:52,Андрей,Canon LBP2900,A4,0.0393701:3.76926,
D:\Документы ВТБ\Схемы\СХЕМА ВЕНТИЛЯЦИИ 2015.dwg,Model,18.03.2016 9:52:54,Андрей,Canon LBP2900,A4,0.0393701:3.7329,
D:\Документы ВТБ\Схемы\СХЕМА ВЕНТИЛЯЦИИ 2015.dwg,Model,18.03.2016 9:54:13,Андрей,Canon LBP2900,A4,0.0393701:3.7329,
D:\Документы ВТБ\Схемы\СХЕМА ВЕНТИЛЯЦИИ 2015.dwg,Model,18.03.2016 10:08:07,Андрей,Canon LBP2900,A4,0.0393701:3.7329,
D:\Документы ВТБ\Схемы\СХЕМА ВЕНТИЛЯЦИИ 2015.dwg,Model,18.03.2016 10:09:23,Андрей,Canon LBP2900,A4,0.0393701:3.7329,
D:\Документы ВТБ\Схемы\СХЕМА ВЕНТИЛЯЦИИ 2015.dwg,Model,18.03.2016 10:18:35,Андрей,Canon LBP2900,A4,0.0393701:3.7329,
D:\Документы ВТБ\Схемы\СХЕМА ВЕНТИЛЯЦИИ 2015.dwg,Model,19.03.2016 9:39:07,Андрей,Canon LBP2900,A4,0.0393701:3.7329,
D:\Документы ВТБ\Схемы\СХЕМА ВЕНТИЛЯЦИИ 2015.dwg,Model,21.03.2016 12:16:11,Андрей,Canon LBP2900,A4,0.0393701:4.5,
D:\Документы ВТБ\Схемы\СХЕМА ВЕНТИЛЯЦИИ 2015.dwg,Model,21.03.2016 13:17:47,Андрей,Canon LBP2900,A4,0.0393701:4.5,
D:\Документы ВТБ\Схемы\Докладная.dwg,Model,11.04.2016 6:16:05,Андрей,Canon LBP2900,A4,0.0393701:7.46971,
D:\Документы ВТБ\Схемы\Докладная.dwg,Model,11.04.2016 6:19:13,Андрей,Canon LBP2900,A4,0.0393701:7.46971,
D:\Документы ВТБ\Схемы\Докладная.dwg,Model,11.04.2016 6:52:52,Андрей,Canon LBP2900,A4,0.0393701:7.46971,
D:\Документы ВТБ\Схемы\Докладная.dwg,Model,13.04.2016 13:14:55,Андрей,Canon LBP2900,A4,0.0393701:7.46971,
D:\Документы ВТБ\Схемы\Докладная.dwg,Model,18.04.2016 6:46:56,Андрей,Canon LBP2900,A4,0.0393701:7.46971,
D:\Документы ВТБ\Схемы\Докладная.dwg,Model,18.04.2016 6:47:20,Андрей,Canon LBP2900,A4,0.0393701:7.46971,
D:\Документы ВТБ\Схемы\Докладная.dwg,Model,18.04.2016 6:47:48,Андрей,Canon LBP2900,A4,0.0393701:7.46971,
D:\Документы ВТБ\Схемы\СХЕМА ВЕНТИЛЯЦИИ 2016.dwg,Model,07.06.2016 7:41:10,Андрей,Canon LBP2900,A4,0.0393701:2,
D:\Документы ВТБ\Схемы\Докладная.dwg,Model,11.06.2016 17:32:12,Андрей,Canon LBP2900,A4,0.0393701:7.46971,
D:\Документы ВТБ\Схемы\СХЕМА ВЕНТИЛЯЦИИ 2016.dwg,Model,21.06.2016 6:44:50,Андрей,Canon LBP2900,A4,0.0393701:2.363,
D:\Документы ВТБ\Схемы\СХЕМА ВЕНТИЛЯЦИИ 2016.dwg,Model,21.06.2016 6:45:30,Андрей,Canon LBP2900,A4,0.0393701:2.363,
D:\Документы ВТБ\Схемы\Докладная.dwg,Model,02.07.2016 7:26:58,Андрей,Canon LBP2900,A4,0.0393701:7.46971,
D:\Документы ВТБ\Схемы\СХЕМА ВЕНТИЛЯЦИИ 2016.dwg,Model,12.07.2016 11:14:28,Андрей,Canon LBP2900,A4,0.0393701:0.1,
D:\Документы ВТБ\Схемы\СХЕМА ВЕНТИЛЯЦИИ 2016.dwg,Model,12.07.2016 11:15:01,Андрей,Canon LBP2900,A4,0.0393701:0.9,
D:\Документы ВТБ\Схемы\СХЕМА ВЕНТИЛЯЦИИ 2016.dwg,Model,12.07.2016 11:17:00,Андрей,Canon LBP2900,A4,0.0393701:0.9,
D:\Документы ВТБ\Схемы\СХЕМА ВЕНТИЛЯЦИИ 2016.dwg,Model,12.07.2016 11:17:17,Андрей,Canon LBP2900,A4,0.0393701:0.9,
D:\Документы ВТБ\Схемы\СХЕМА ВЕНТИЛЯЦИИ 2016.dwg,Model,12.07.2016 11:18:39,Андрей,Canon LBP2900,A4,0.0393701:0.9,
D:\Документы ВТБ\Схемы\СХЕМА ВЕНТИЛЯЦИИ 2016.dwg,Model,12.07.2016 11:20:22,Андрей,Canon LBP2900,A4,0.0393701:1.34351,
D:\Документы ВТБ\Схемы\СХЕМА ВЕНТИЛЯЦИИ 2016.dwg,Model,12.07.2016 11:21:50,Андрей,Canon LBP2900,A4,0.0393701:1.17421,
D:\Документы ВТБ\Схемы\СХЕМА ВЕНТИЛЯЦИИ 2016.dwg,Model,12.07.2016 11:23:05,Андрей,Canon LBP2900,A4,0.0393701:0.7804,
D:\Документы ВТБ\Схемы\СХЕМА ВЕНТИЛЯЦИИ 2016.dwg,Model,12.07.2016 11:24:00,Андрей,Canon LBP2900,A4,0.0393701:0.7804,
D:\Документы ВТБ\Схемы\Докладная.dwg,Model,13.07.2016 19:41:49,Андрей,Canon LBP2900,A4,0.0393701:7.46971,
D:\Документы ВТБ\Схемы\Схема лавы.dwg,Model,15.07.2016 8:09:39,Андрей,Epson LX-1050+,A4,1:2.13013,
D:\Документы ВТБ\Схемы\Схема лавы.dwg,Model,15.07.2016 8:10:20,Андрей,Canon LBP2900,A4,0.0393701:1.77226,
D:\Документы ВТБ\Схемы\Схема лавы.dwg,Model,15.07.2016 8:12:56,Андрей,Canon LBP2900,A4,0.0393701:1.77226,
D:\Документы ВТБ\Участковая документация\Проекты\Проект изоляции вент сб пл Л1\Схема изол перем трапеция.dwg,Model,15.07.2016 8:16:27,Андрей,Canon LBP2900,A4,0.0393701:1.13373,
D:\Документы ВТБ\Участковая документация\Проекты\Проект изоляции вент сб пл Л1\Схема изол перем трапеция.dwg,Model,15.07.2016 8:17:53,Андрей,Canon LBP2900,A4,0.0393701:2.27454,
D:\Документы ВТБ\Участковая документация\Проекты\Проект изоляции вент сб пл Л1\Схема изол перем трапеция.dwg,Model,15.07.2016 8:18:52,Андрей,Canon LBP2900,A4,0.0393701:2.27454,
D:\Документы ВТБ\Схемы\Докладная.dwg,Model,21.07.2016 21:59:27,Андрей,Canon LBP2900,A4,0.0393701:7.46971,
D:\Документы ВТБ\Схемы\Докладная.dwg,Model,23.07.2016 7:52:49,Андрей,Canon LBP2900,A4,0.0393701:7.46971,
D:\Документы ВТБ\Схемы\СХЕМА ВЕНТИЛЯЦИИ 2016.dwg,Model,25.07.2016 12:54:13,Андрей,Canon LBP2900,A4,0.0393701:1.07883,
D:\Документы ВТБ\Схемы\СХЕМА ВЕНТИЛЯЦИИ 2016.dwg,Model,26.07.2016 8:20:28,Андрей,Canon LBP2900,A4,0.0393701:4.02429,
D:\Документы ВТБ\Схемы\СХЕМА ВЕНТИЛЯЦИИ 2016.dwg,Model,03.08.2016 12:33:56,Андрей,Canon LBP2900,A4,0.0393701:0.758439,
D:\Документы ВТБ\Схемы\Докладная.dwg,Model,06.08.2016 18:30:14,Андрей,Canon LBP2900,A4,0.0393701:7.46971,
D:\Документы ВТБ\Схемы\Докладная.dwg,Model,07.08.2016 10:58:01,Андрей,Canon LBP2900,A4,0.0393701:7.46971,
D:\Документы ВТБ\Схемы\Докладная.dwg,Model,21.08.2016 10:25:15,Андрей,Canon LBP2900,A4,0.0393701:7.46971,
D:\Документы ВТБ\Схемы\Докладная.dwg,Model,21.08.2016 10:30:53,Андрей,Canon LBP2900,A4,0.0393701:7.46971,
D:\Документы ВТБ\Схемы\Докладная.dwg,Model,21.08.2016 10:32:14,Андрей,Canon LBP2900,A4,0.0393701:7.46971,
D:\Документы ВТБ\Схемы\СХЕМА ВЕНТИЛЯЦИИ 2016.dwg,Model,29.08.2016 11:00:49,Андрей,Canon LBP2900,A4,0.0393701:2.32522,
D:\Документы ВТБ\Схемы\СХЕМА ВЕНТИЛЯЦИИ 2016.dwg,Model,29.08.2016 11:02:01,Андрей,Canon LBP2900,A4,0.0393701:2.33208,
D:\Документы ВТБ\Схемы\СХЕМА ВЕНТИЛЯЦИИ 2016.dwg,Model,29.08.2016 11:02:56,Андрей,Canon LBP2900,A4,0.0393701:2.33208,
D:\Документы ВТБ\Схемы\СХЕМА ВЕНТИЛЯЦИИ 2016.dwg,Model,01.09.2016 12:29:55,Андрей,Canon LBP2900,A4,0.0393701:1.33294,
D:\Документы ВТБ\Схемы\СХЕМА ВЕНТИЛЯЦИИ 2016.dwg,Model,01.09.2016 12:37:22,Андрей,Canon LBP2900,A4,0.0393701:1.5,
D:\Документы ВТБ\Схемы\СХЕМА ВЕНТИЛЯЦИИ 2016.dwg,Model,01.09.2016 12:42:06,Андрей,Canon LBP2900,A4,0.0393701:1.5,
D:\Документы ВТБ\Схемы\СХЕМА ВЕНТИЛЯЦИИ 2016.dwg,Model,02.09.2016 8:02:18,Андрей,Canon LBP2900,A4,0.0393701:1.5,
D:\Документы ВТБ\Схемы\СХЕМА ВЕНТИЛЯЦИИ 2016.dwg,Model,02.09.2016 9:35:17,Андрей,Canon LBP2900,A4,0.0393701:1.5,
D:\Документы ВТБ\Схемы\СХЕМА ВЕНТИЛЯЦИИ 2016.dwg,Model,06.09.2016 7:15:07,Андрей,Canon LBP2900,A4,0.0393701:2.17538,
D:\Документы ВТБ\Схемы\СХЕМА ВЕНТИЛЯЦИИ 2016.dwg,Model,14.09.2016 14:54:13,Андрей,Canon LBP2900,A4,0.0393701:2.4296,
D:\Документы ВТБ\Схемы\Cтв 1бис.dwg,Model,19.09.2016 12:42:26,Андрей,Canon LBP2900,A4,0.0393701:2.00937,
D:\Документы ВТБ\Схемы\СХЕМА ВЕНТИЛЯЦИИ 2016.dwg,Model,26.09.2016 9:50:44,Андрей,Canon LBP2900,A4,0.0393701:2.32327,
D:\Документы ВТБ\Схемы\СХЕМА ВЕНТИЛЯЦИИ 2016.dwg,Model,28.09.2016 8:40:24,Андрей,Canon LBP2900,A4,0.0393701:1.55917,
D:\Документы ВТБ\Схемы\СХЕМА ВЕНТИЛЯЦИИ 2016.dwg,Model,28.09.2016 8:51:00,Андрей,Canon LBP2900,A4,0.0393701:1.55917,
I:\1_южн. К5.dwg,Model,30.09.2016 9:57:11,Андрей,Canon LBP2900,A4,1:2.73126,
D:\Документы ВТБ\Схемы\Докладная.dwg,Model,30.09.2016 10:06:15,Андрей,Canon LBP2900,A4,0.0393701:7.46971,
D:\Документы ВТБ\Схемы\Докладная.dwg,Model,16.10.2016 12:48:55,Андрей,Canon LBP2900,A4,0.0393701:7.46971,
D:\Документы ВТБ\Схемы\Докладная.dwg,Model,19.11.2016 7:05:24,Андрей,Canon LBP2900,A4,0.0393701:7.46971,
D:\Документы ВТБ\Схемы\СХЕМА ВЕНТИЛЯЦИИ 2017 новая.dwg,Model,01.12.2016 10:14:29,Андрей,Canon LBP2900,A4,0.0393701:1.17299,
D:\Документы ВТБ\Схемы\СХЕМА К5 восходящее.dwg,Model,01.12.2016 10:54:42,Андрей,Canon LBP2900,A4,0.0393701:1.17299,
D:\Документы ВТБ\Схемы\СХЕМА ВЕНТИЛЯЦИИ 2015 АС2006.dwg,Model,01.12.2016 11:00:44,Андрей,Canon LBP2900,A4,0.0393701:0.818374,
D:\Документы ВТБ\Схемы\Докладная.dwg,Model,23.12.2016 12:09:45,Андрей,Canon LBP2900,A4,0.0393701:7.46971,
D:\Документы ВТБ\Схемы\СХЕМА вентиляции 2017 новая.dwg,Model,04.01.2017 7:15:23,Андрей,Canon LBP2900,A4,0.0393701:1.96002,
D:\Документы ВТБ\Схемы\СХЕМА вентиляции 2017 новая.dwg,Model,04.01.2017 7:17:16,Андрей,Canon LBP2900,A4,0.0393701:5.36409,
D:\Документы ВТБ\Схемы\СХЕМА вентиляции 2017 новая.dwg,Model,04.01.2017 7:17:49,Андрей,Canon LBP2900,A4,0.0393701:5.36409,
D:\Документы ВТБ\Схемы\План околоств выработок.dwg,Model,05.01.2017 13:32:08,Андрей,Canon LBP2900,A4,0.0393701:1.8312,
D:\Документы ВТБ\Схемы\Маневры на опрокиде.dwg,Model,10.01.2017 8:32:10,Андрей,Canon LBP2900,Letter,1:43.8296,
D:\Документы ВТБ\Схемы\Маневры на опрокиде.dwg,Model,10.01.2017 8:33:00,Андрей,Canon LBP2900,Letter,1:43.8296,
D:\Документы ВТБ\Схемы\Маневры на опрокиде.dwg,Model,10.01.2017 8:33:40,Андрей,Canon LBP2900,Letter,1:43.8296,
D:\Документы ВТБ\Схемы\Маневры на опрокиде.dwg,Model,10.01.2017 8:34:36,Андрей,Canon LBP2900,Letter,1:43.8296,
D:\Документы ВТБ\Схемы\Маневры на опрокиде.dwg,Model,10.01.2017 8:35:49,Андрей,Canon LBP2900,Letter,1:43.8296,
D:\Документы ВТБ\Схемы\Маневры на опрокиде.dwg,Model,10.01.2017 8:36:25,Андрей,Canon LBP2900,Letter,1:43.8296,
D:\Документы ВТБ\Схемы\Маневры на опрокиде.dwg,Model,10.01.2017 8:37:19,Андрей,Canon LBP2900,Letter,1:43.8296,
D:\Документы ВТБ\Схемы\Маневры на опрокиде.dwg,Model,10.01.2017 8:38:41,Андрей,Canon LBP2900,Letter,1:40.647,
D:\Документы ВТБ\Схемы\Маневры на опрокиде.dwg,Model,10.01.2017 8:46:17,Андрей,Canon LBP2900,Letter,1:40.647,
D:\Документы ВТБ\Схемы\Маневры на опрокиде.dwg,Model,10.01.2017 8:47:53,Андрей,Canon LBP2900,Letter,1:43.8296,
D:\Документы ВТБ\Схемы\Маневры на опрокиде.dwg,Model,10.01.2017 8:48:09,Андрей,Canon LBP2900,Letter,1:43.8296,
D:\Документы ВТБ\Схемы\Маневры на опрокиде.dwg,Model,10.01.2017 8:48:23,Андрей,Canon LBP2900,Letter,1:43.8296,
D:\Документы ВТБ\Схемы\Маневры на опрокиде.dwg,Model,10.01.2017 8:48:33,Андрей,Canon LBP2900,Letter,1:43.8296,
D:\Документы ВТБ\Схемы\Маневры на опрокиде.dwg,Model,10.01.2017 8:48:46,Андрей,Canon LBP2900,Letter,1:43.8296,
D:\Документы ВТБ\Схемы\Маневры на опрокиде.dwg,Model,10.01.2017 9:13:10,Андрей,Canon LBP2900,Letter,1:40.647,
D:\Документы ВТБ\Схемы\Маневры на опрокиде.dwg,Model,10.01.2017 9:19:21,Андрей,Canon LBP2900,Letter,1:43.83,
D:\Документы ВТБ\Схемы\Маневры на опрокиде.dwg,Model,10.01.2017 9:51:07,Андрей,Canon LBP2900,Letter,1:43.83,
D:\Документы ВТБ\Схемы\Маневры на опрокиде.dwg,Model,10.01.2017 9:51:28,Андрей,Canon LBP2900,Letter,1:43.83,
D:\Документы ВТБ\Схемы\Маневры на опрокиде.dwg,Model,10.01.2017 9:51:40,Андрей,Canon LBP2900,Letter,1:43.83,
D:\Документы ВТБ\Схемы\Маневры на опрокиде.dwg,Model,10.01.2017 9:51:53,Андрей,Canon LBP2900,Letter,1:43.83,
D:\Документы ВТБ\Схемы\Маневры на опрокиде.dwg,Model,10.01.2017 9:52:06,Андрей,Canon LBP2900,Letter,1:43.83,
D:\Документы ВТБ\Схемы\Маневры на опрокиде.dwg,Model,10.01.2017 9:52:18,Андрей,Canon LBP2900,Letter,1:43.83,
D:\Документы ВТБ\Схемы\Схема вентиляции 2017.dwg,Model,16.01.2017 8:33:40,Андрей,Canon LBP2900,A4,0.0393701:4.11912,
D:\Документы ВТБ\Схемы\Схема вентиляции 2017.dwg,Model,16.01.2017 8:34:42,Андрей,Canon LBP2900,A4,0.0393701:4.11912,
D:\Документы ВТБ\Схемы\Схема вентиляции 2017.dwg,Model,16.01.2017 8:49:25,Андрей,Canon LBP2900,A4,0.0393701:3.85345,
D:\Документы ВТБ\Схемы\Схема вентиляции 2017.dwg,Model,16.01.2017 8:51:08,Андрей,Canon LBP2900,A4,0.0393701:3.85345,
D:\Документы ВТБ\Схемы\Схема вентиляции 2017.dwg,Model,16.01.2017 8:58:00,Андрей,Canon LBP2900,A4,0.0393701:3.85345,
D:\Документы ВТБ\Схемы\СХЕМА ВЕНТИЛЯЦИИ 2016 с лавой.dwg,Model,19.01.2017 7:32:30,Андрей,Canon LBP2900,A4,0.0393701:3.41997,
D:\Документы ВТБ\Схемы\СХЕМА ВЕНТИЛЯЦИИ Н10 перспектива.dwg,Model,19.01.2017 8:21:03,Андрей,Canon LBP2900,A4,0.0393701:3.33452,
D:\Документы ВТБ\Схемы\Докладная схема.dwg,Model,22.01.2017 9:31:31,Андрей,Canon LBP2900,A4,0.0393701:7.46971,
D:\Документы ВТБ\Схемы\Схема вентиляции 2017.dwg,Model,24.01.2017 7:12:48,Андрей,Canon LBP2900,A4,0.0393701:0.989439,
D:\Документы ВТБ\Схемы\Схема вентиляции 2017.dwg,Model,30.01.2017 8:06:10,Андрей,Canon LBP2900,A4,0.0393701:2.70558,
D:\Документы ВТБ\Схемы\Схема вентиляции 2017.dwg,Model,30.01.2017 8:06:44,Андрей,Canon LBP2900,A4,0.0393701:2.70558,
D:\Документы ВТБ\Схемы\Схема вентиляции 2017.dwg,Model,30.01.2017 8:07:25,Андрей,Canon LBP2900,A4,0.0393701:2.70558,
D:\Документы ВТБ\Схемы\Схема вентиляции 2017.dwg,Model,30.01.2017 8:07:46,Андрей,Canon LBP2900,A4,0.0393701:2.70558,
D:\Документы ВТБ\Схемы\Схема вентиляции 2017.dwg,Model,30.01.2017 8:08:21,Андрей,Canon LBP2900,A4,0.0393701:2.70558,
D:\Документы ВТБ\Схемы\Схема вентиляции 2017.dwg,Model,30.01.2017 12:55:29,Андрей,Canon LBP2900,A4,0.0393701:1.70001,
D:\Документы ВТБ\Схемы\Схема вентиляции 2017.dwg,Model,30.01.2017 12:56:41,Андрей,Canon LBP2900,A4,0.0393701:1.64757,
D:\Документы ВТБ\Схемы\Схема вентиляции 2017.dwg,Model,02.02.2017 7:48:31,Андрей,Canon LBP2900,A4,0.0393701:0.5566,
D:\Документы ВТБ\Схемы\Схема вентиляции 2017.dwg,Model,02.02.2017 7:52:50,Андрей,Canon LBP2900,A4,0.0393701:0.6566,
D:\Документы ВТБ\Схемы\Схема вентиляции 2017.dwg,Model,02.02.2017 7:56:10,Андрей,Canon LBP2900,A4,0.0393701:0.6566,
D:\Документы ВТБ\Схемы\Схема вентиляции 2017.dwg,Model,02.02.2017 8:16:19,Андрей,Canon LBP2900,A4,0.0393701:0.6566,
D:\Документы ВТБ\Схемы\Схема вентиляции 2017.dwg,Model,02.02.2017 8:17:11,Андрей,Canon LBP2900,A4,0.0393701:0.6566,
D:\Документы ВТБ\Схемы\Схема вентиляции 2017.dwg,Model,02.02.2017 8:22:30,Андрей,Canon LBP2900,A4,0.0393701:0.6566,
D:\Документы ВТБ\Схемы\Схема вентиляции 2017.dwg,Model,02.02.2017 8:23:54,Андрей,Canon LBP2900,A4,0.0393701:0.92,
D:\Документы ВТБ\Схемы\Схема вентиляции 2017.dwg,Model,02.02.2017 8:27:27,Андрей,Canon LBP2900,A4,0.0393701:0.92,
D:\Документы ВТБ\Схемы\Схема вентиляции 2017.dwg,Model,02.02.2017 8:31:23,Андрей,Canon LBP2900,A4,0.0393701:0.7049,
D:\Документы ВТБ\Схемы\Схема вентиляции 2017.dwg,Model,02.02.2017 8:36:34,Андрей,Canon LBP2900,A4,0.0393701:0.6201,
D:\Документы ВТБ\Схемы\Схема вентиляции 2017.dwg,Model,02.02.2017 8:58:07,Андрей,Canon LBP2900,A4,0.0393701:1.519,
D:\Документы ВТБ\Схемы\Схема вентиляции 2017.dwg,Model,02.02.2017 8:58:21,Андрей,Canon LBP2900,A4,0.0393701:1.519,
D:\Документы ВТБ\Схемы\Схема вентиляции 2017.dwg,Model,02.02.2017 10:46:42,Андрей,Canon LBP2900,A4,0.0393701:1.519,
D:\Документы ВТБ\Схемы\План околоств выработок.dwg,Model,02.02.2017 11:07:44,Андрей,Canon LBP2900,A4,0.0393701:0.493716,
D:\Документы ВТБ\Схемы\Схема вентиляции 2017.dwg,Model,02.02.2017 11:10:53,Андрей,Canon LBP2900,A4,0.0393701:1.519,
D:\Документы ВТБ\Схемы\Схема вентиляции 2017.dwg,Model,07.02.2017 8:41:50,Андрей,Canon LBP2900,A4,0.0393701:1.519,
D:\Документы ВТБ\Схемы\СХЕМА ВЕНТИЛЯЦИИ Н10 перспектива.dwg,Model,07.02.2017 10:50:11,Андрей,Canon LBP2900,A4,0.0393701:3.246,
D:\Документы ВТБ\Схемы\СХЕМА ВЕНТИЛЯЦИИ Н10 перспектива.dwg,Model,07.02.2017 10:58:29,Андрей,Canon LBP2900,A4,0.0393701:4.38358,
D:\Документы ВТБ\Схемы\Схема вентиляции 2017.dwg,Model,07.02.2017 11:05:43,Андрей,Canon LBP2900,A4,0.0393701:2.1,
D:\Документы ВТБ\Схемы\Схема вентиляции 2017.dwg,Model,07.02.2017 11:12:21,Андрей,Canon LBP2900,A4,0.0393701:2.1,
D:\Документы ВТБ\Схемы\Схема вентиляции 2017.dwg,Model,08.02.2017 7:44:08,Андрей,Canon LBP2900,A4,0.0393701:1.13847,
D:\Документы ВТБ\Схемы\План околоств выработок.dwg,Model,08.02.2017 8:03:05,Андрей,Canon LBP2900,A4,0.0393701:0.55,
D:\Документы ВТБ\Схемы\План околоств выработок.dwg,Model,10.02.2017 12:51:55,Андрей,Canon LBP2900,A4,0.0393701:0.627888,
D:\Документы ВТБ\Схемы\План околоств выработок.dwg,Model,10.02.2017 12:53:13,Андрей,Canon LBP2900,A4,0.0393701:0.783983,
D:\Документы ВТБ\Схемы\План околоств выработок.dwg,Model,16.02.2017 11:41:15,Андрей,Canon LBP2900,A4,0.0393701:1.3,
D:\Документы ВТБ\Схемы\Докладная схема.dwg,Model,12.03.2017 11:39:40,Андрей,Canon LBP2900,A4,0.0393701:7.46971,
D:\Документы ВТБ\Схемы\Схема вентиляции 2017.dwg,Model,20.03.2017 6:32:58,Андрей,Canon LBP2900,A4,0.0393701:2.50797,
D:\Документы ВТБ\Схемы\Схема вентиляции 2017.dwg,Model,20.03.2017 6:35:03,Андрей,Canon LBP2900,A4,0.0393701:2.44008,
D:\Схема.dwg,Model,21.03.2017 11:22:22,Андрей,Canon LBP2900,A4,0.0393701:1.4,
D:\Схема.dwg,Model,21.03.2017 11:23:11,Андрей,Canon LBP2900,A4,0.0393701:1.4,
D:\Схема.dwg,Model,21.03.2017 11:39:11,Андрей,Canon LBP2900,A4,0.0393701:1.4,
D:\Схема.dwg,Model,21.03.2017 11:39:54,Андрей,Canon LBP2900,A4,0.0393701:1.3,
D:\Схема.dwg,Model,21.03.2017 11:40:20,Андрей,Canon LBP2900,A4,0.0393701:1.3,
D:\Документы ВТБ\Схемы\План околоств выработок.dwg,Model,22.03.2017 9:19:18,Андрей,Canon LBP2900,A4,0.0393701:0.691299,
D:\Схема вентиляции без лавы Л1_2017.dwg,Model,30.03.2017 10:29:58,Андрей,Canon LBP2900,A4,0.0393701:4.428,
D:\Документы ВТБ\Схемы\Схема вентиляции 2017.dwg,Model,31.03.2017 14:00:59,Андрей,Canon LBP2900,A4,0.0393701:1.5,
D:\Документы ВТБ\Схемы\Схема вентиляции 2017.dwg,Model,31.03.2017 14:02:11,Андрей,Canon LBP2900,A4,0.0393701:1.5,
D:\Документы ВТБ\Схемы\Схема вентиляции 2017.dwg,Model,26.04.2017 13:47:50,Андрей,Canon LBP2900,A4,0.0393701:3.1,
D:\Документы ВТБ\Схемы\Схема вентиляции 2017.dwg,Model,26.04.2017 13:51:55,Андрей,Canon LBP2900,A4,0.0393701:3.1,
D:\Документы ВТБ\Схемы\Схема вентиляции 2017.dwg,Model,27.04.2017 9:27:23,Андрей,Canon LBP2900,A4,0.0393701:3.1,
D:\Документы ВТБ\Схемы\Схема вентиляции 2017.dwg,Model,27.04.2017 9:27:45,Андрей,Canon LBP2900,A4,0.0393701:3.1,
D:\Документы ВТБ\Схемы\Схема вентиляции 2017.dwg,Model,10.05.2017 7:36:58,Андрей,Canon LBP2900,A4,0.0393701:1.72236,
D:\Документы ВТБ\Схемы\Схема вентиляции 2017.dwg,Model,10.05.2017 16:24:47,Андрей,Canon LBP2900,A4,0.0393701:1.711,
D:\Документы ВТБ\Схемы\Схема вентиляции 2017.dwg,Model,10.05.2017 16:31:05,Андрей,Canon LBP2900,A4,0.0393701:1.811,
D:\Документы ВТБ\Схемы\Схема вентиляции 2017.dwg,Model,11.05.2017 8:59:14,Андрей,Canon LBP2900,A4,0.0393701:3.85345,
D:\Документы ВТБ\Схемы\Схема вентиляции 2017.dwg,Model,11.05.2017 8:59:34,Андрей,Canon LBP2900,A4,0.0393701:3.85345,
C:\Документы ВТБ\Схемы\Схема вентиляции 2017.dwg,Model,17.05.2017 10:45:28,Андрей,Canon LBP2900,A4,0.0393701:5.37817,
C:\Документы ВТБ\Схемы\Схема вентиляции 2017.dwg,Model,02.06.2017 11:04:54,Андрей,Canon LBP2900,A4,0.0393701:1.92673,
C:\Документы ВТБ\Схемы\Схема вентиляции 2017.dwg,Model,02.06.2017 11:05:22,Андрей,Canon LBP2900,A4,0.0393701:1.92673,
C:\Документы ВТБ\Схемы\Схема вентиляции 2017.dwg,Model,02.06.2017 11:05:35,Андрей,Canon LBP2900,A4,0.0393701:1.92673,
C:\Документы ВТБ\Схемы\Схема вентиляции 2017.dwg,Model,02.06.2017 11:05:47,Андрей,Canon LBP2900,A4,0.0393701:1.92673,
C:\Документы ВТБ\Схемы\Схема вентиляции 2017.dwg,Model,02.06.2017 11:05:58,Андрей,Canon LBP2900,A4,0.0393701:1.92673,
C:\Документы ВТБ\Схемы\Схема вентиляции 2017.dwg,Model,02.06.2017 11:06:07,Андрей,Canon LBP2900,A4,0.0393701:1.92673,
C:\Документы ВТБ\Схемы\Схема вентиляции 2017.dwg,Model,02.06.2017 11:06:16,Андрей,Canon LBP2900,A4,0.0393701:1.92673,
C:\Документы ВТБ\Схемы\Схема вентиляции 2017.dwg,Model,02.06.2017 11:06:25,Андрей,Canon LBP2900,A4,0.0393701:1.92673,
C:\Документы ВТБ\Схемы\Схема вентиляции 2017.dwg,Model,16.06.2017 19:34:56,Андрей,Canon LBP2900,A4,0.0393701:1.51939,
C:\Документы ВТБ\Схемы\Схема вентиляции 2017.dwg,Model,16.06.2017 19:37:12,Андрей,Canon LBP2900,A4,0.0393701:1.34006,
C:\Документы ВТБ\Схемы\Схемка вентиляции К5.dwg,Model,19.06.2017 7:38:29,Андрей,Canon LBP2900.pc3,A4,0.0393701:1.52101,
C:\Документы ВТБ\Схемы\Схемка вентиляции К5.dwg,Model,19.06.2017 7:38:57,Андрей,Canon LBP2900.pc3,A4,0.0393701:2.82707,
C:\Документы ВТБ\Схемы\Схемка вентиляции К5.dwg,Model,19.06.2017 7:39:47,Андрей,Canon LBP2900.pc3,A4,0.0393701:1.52101,
C:\Документы ВТБ\Схемы\Схемка вентиляции К5.dwg,Model,19.06.2017 7:41:42,Андрей,Canon LBP2900.pc3,A4,0.0393701:1.52101,
C:\Документы ВТБ\Схемы\Схема вентиляции 2017.dwg,Model,19.06.2017 10:32:19,Андрей,Canon LBP2900,A4,0.0393701:2.70558,
C:\Документы ВТБ\Схемы\Схема вентиляции 2017.dwg,Model,19.06.2017 10:32:34,Андрей,Canon LBP2900,A4,0.0393701:2.70558,
C:\Документы ВТБ\Схемы\Схема вентиляции 2017.dwg,Model,19.06.2017 10:32:43,Андрей,Canon LBP2900,A4,0.0393701:2.70558,
C:\Документы ВТБ\Схемы\Схема вентиляции 2017.dwg,Model,19.06.2017 10:32:51,Андрей,Canon LBP2900,A4,0.0393701:2.70558,
C:\Документы ВТБ\Схемы\Схемка вентиляции К5.dwg,Model,21.06.2017 11:11:29,Андрей,Canon LBP2900.pc3,A4,0.0393701:1.52101,
C:\Документы ВТБ\Схемы\Схема вентиляции 2017.dwg,Model,30.06.2017 13:36:52,Андрей,Canon LBP2900,A4,0.0393701:0.791467,
C:\Документы ВТБ\Схемы\Схема вентиляции 2017.dwg,Model,07.07.2017 13:18:22,Андрей,Canon LBP2900,A4,0.0393701:3.07751,
C:\Документы ВТБ\Схемы\Схема вентиляции 2017.dwg,Model,07.07.2017 13:24:02,Андрей,Canon LBP2900,A3,0.0393701:0.831962,
C:\Документы ВТБ\Схемы\Схема вентиляции 2017.dwg,Model,07.07.2017 13:26:03,Андрей,Canon LBP2900,A4,0.0393701:0.820625,
C:\Документы ВТБ\Схемы\Докладная схема.dwg,Model,08.07.2017 11:07:03,Андрей,Canon LBP2900,A4,0.0393701:7.46971,
C:\Документы ВТБ\Схемы\Схема вентиляции 2017.dwg,Model,12.07.2017 6:42:09,Андрей,Canon LBP2900,A4,0.0393701:1.8587,
C:\Документы ВТБ\Схемы\Докладная схема.dwg,Model,12.07.2017 7:03:56,Андрей,Canon LBP2900,A4,0.0393701:7.46971,
C:\Документы ВТБ\Схемы\Схема вентиляции 2017.dwg,Model,14.07.2017 11:18:33,Андрей,Canon LBP2900,A4,0.0393701:1.7,
C:\Документы ВТБ\Схемы\Схема вентиляции 2017.dwg,Model,14.07.2017 11:29:08,Андрей,Canon LBP2900,A4,0.0393701:1.9,
C:\Документы ВТБ\Схемы\Схема вентиляции 2017.dwg,Model,14.07.2017 11:30:18,Андрей,Canon LBP2900,A4,0.0393701:1.9,
C:\Документы ВТБ\Схемы\Схема вентиляции 2017.dwg,Model,14.07.2017 12:01:38,Андрей,Canon LBP2900,A4,0.0393701:3.85345,
C:\Документы ВТБ\Схемы\Схема вентиляции 2017.dwg,Model,14.07.2017 12:03:19,Андрей,Canon LBP2900,A4,0.0393701:3.85345,
C:\Документы ВТБ\Схемы\Схема вентиляции 2017.dwg,Model,15.07.2017 0:31:01,Андрей,Canon LBP2900,A4,0.0393701:1.9,
C:\Документы ВТБ\Схемы\Схема вентиляции 2017.dwg,Model,17.07.2017 7:04:26,Андрей,Canon LBP2900.pc3,A4,0.0393701:3.82122,
C:\Документы ВТБ\Схемы\Схема вентиляции 2017.dwg,Model,17.07.2017 7:15:05,Андрей,Canon LBP2900,A4,0.0393701:3.59368,
C:\Документы ВТБ\Схемы\Схема вентиляции 2017.dwg,Model,17.07.2017 7:15:32,Андрей,Canon LBP2900,A4,0.0393701:3.59368,
C:\Документы ВТБ\Схемы\Cтв 1бис.dwg,Model,19.07.2017 11:56:40,Андрей,Canon LBP2900,A4,0.0393701:2.11896,
C:\Документы ВТБ\Схемы\Схема вентиляции 2017.dwg,Model,20.07.2017 11:59:08,Андрей,Canon LBP2900,A4,0.0393701:3.54985,
C:\Документы ВТБ\Схемы\Схема вентиляции 2017.dwg,Model,20.07.2017 12:00:12,Андрей,Canon LBP2900,A4,0.0393701:3.54985,
C:\Документы ВТБ\Схемы\Докладная схема.dwg,Model,22.07.2017 13:15:19,Андрей,Canon LBP2900,A4,0.0393701:7.46971,
C:\Документы ВТБ\Схемы\Схема вентиляции 2017без лавы.dwg,Model,22.07.2017 13:50:14,Андрей,Canon LBP2900,A4,0.0393701:3.1,
C:\Документы ВТБ\Схемы\Схема вентиляции 2017.dwg,Model,22.07.2017 17:29:04,Андрей,Canon LBP2900,A4,0.0393701:3.54985,
C:\Документы ВТБ\Схемы\Схема вентиляции 2017.dwg,Model,22.07.2017 17:29:47,Андрей,Canon LBP2900,A4,0.0393701:3.05793,
C:\Документы ВТБ\Схемы\Схема вентиляции 2017.dwg,Model,22.07.2017 17:31:01,Андрей,Canon LBP2900,A4,0.0393701:2.12492,
C:\Документы ВТБ\Схемы\Схема вентиляции 2017.dwg,Model,22.07.2017 17:32:44,Андрей,Canon LBP2900,A4,0.0393701:3.52572,
C:\Документы ВТБ\Схемы\Схема вентиляции 2017.dwg,Model,22.07.2017 17:33:36,Андрей,Canon LBP2900,A4,0.0393701:3.47591,
C:\Документы ВТБ\Схемы\Схема вентиляции 2017.dwg,Model,22.07.2017 17:34:06,Андрей,Canon LBP2900,A4,0.0393701:2.07885,
C:\Документы ВТБ\Схемы\Схема вентиляции 2017.dwg,Model,25.07.2017 13:21:35,Андрей,Canon LBP2900,A4,1:3.54985,
C:\Документы ВТБ\Схемы\Схема вентиляции 2017.dwg,Model,25.07.2017 13:21:53,Андрей,Canon LBP2900,A4,0.0393701:3.54985,
C:\Документы ВТБ\Схемы\Докладная схема.dwg,Model,25.07.2017 22:25:05,Андрей,Canon LBP2900,A4,0.0393701:7.46971,
C:\Документы ВТБ\Схемы\Схема вентиляции 2017.dwg,Model,27.07.2017 7:21:01,Андрей,Canon LBP2900,A4,0.0393701:3.40162,
C:\Документы ВТБ\Схемы\Схема вентиляции 2017.dwg,Model,02.08.2017 10:48:45,Андрей,Canon LBP2900,A4,0.0393701:2.7,
C:\Документы ВТБ\Схемы\Схема вентиляции 2017.dwg,Model,02.08.2017 10:50:07,Андрей,Canon LBP2900,A4,0.0393701:2.7,
C:\Документы ВТБ\Схемы\Схема вентиляции 2017.dwg,Model,02.08.2017 10:50:14,Андрей,Canon LBP2900,A4,0.0393701:2.7,
C:\Документы ВТБ\Схемы\Схема вентиляции 2017.dwg,Model,02.08.2017 10:51:11,Андрей,Canon LBP2900,A4,0.0393701:2.7,
C:\Документы ВТБ\Схемы\Схема вентиляции 2017.dwg,Model,02.08.2017 10:57:19,Андрей,Canon LBP2900,A4,0.0393701:2.3,
C:\Документы ВТБ\Схемы\Схема вентиляции 2017.dwg,Model,02.08.2017 10:57:48,Андрей,Canon LBP2900,A4,0.0393701:2.3,
C:\Документы ВТБ\Схемы\Схема вентиляции 2017.dwg,Model,02.08.2017 10:59:56,Андрей,Canon LBP2900,A4,0.0393701:2.3,
C:\Документы ВТБ\Схемы\Схема вентиляции 2017.dwg,Model,04.08.2017 7:26:14,Андрей,Canon LBP2900,A4,0.0393701:2.41791,
C:\Документы ВТБ\Схемы\Схема вентиляции 2017.dwg,Model,04.08.2017 7:27:02,Андрей,Canon LBP2900,A4,0.0393701:2.41791,
C:\Документы ВТБ\Схемы\Схема вентиляции 2017.dwg,Model,04.08.2017 7:27:57,Андрей,Canon LBP2900,A4,0.0393701:2.41791,
C:\Документы ВТБ\Схемы\Схема вентиляции 2017.dwg,Model,04.08.2017 7:28:35,Андрей,Canon LBP2900,A4,0.0393701:2.41791,
C:\Документы ВТБ\Схемы\Докладная схема.dwg,Model,05.08.2017 6:40:38,Андрей,Canon LBP2900,A4,0.0393701:7.46971,
C:\Документы ВТБ\Схемы\Докладная схема.dwg,Model,05.08.2017 6:42:27,Андрей,Canon LBP2900.pc3,A4,0.0393701:7.39129,
C:\Документы ВТБ\Схемы\Докладная схема.dwg,Model,05.08.2017 6:42:49,Андрей,Canon LBP2900.pc3,A4,0.0393701:7.39129,
C:\Документы ВТБ\Схемы\Cтв 1бис.dwg,Model,10.08.2017 8:18:16,Андрей,Canon LBP2900,A4,0.0393701:2.11896,
C:\Документы ВТБ\Схемы\Схема вентиляции 2017.dwg,Model,10.08.2017 11:01:21,Андрей,Canon LBP2900,A4,0.0393701:3.55875,
C:\Документы ВТБ\Схемы\Схема вентиляции 2017.dwg,Model,10.08.2017 11:09:35,Андрей,Canon LBP2900,A4,0.0393701:2.51261,
C:\Документы ВТБ\Схемы\Схема вентиляции 2017.dwg,Model,10.08.2017 11:10:14,Андрей,Canon LBP2900,A4,0.0393701:2.51261,
C:\Документы ВТБ\Схемы\Докладная схема.dwg,Model,12.08.2017 9:17:05,Андрей,Canon LBP2900,A4,0.0393701:7.46971,
C:\Документы ВТБ\Схемы\Докладная схема.dwg,Model,19.08.2017 10:17:46,Андрей,Canon LBP2900,A4,0.0393701:7.46971,
C:\Документы ВТБ\Схемы\Докладная схема.dwg,Model,19.08.2017 10:18:28,Андрей,Canon LBP2900,A4,0.0393701:7.46971,
C:\Документы ВТБ\Участковая документация\Проекты\Дополн к проекту 1 юж лава\Схема устан постов.dwg,Model,30.08.2017 8:04:58,Андрей,Canon LBP2900,A4,0.0393701:3.39057,
C:\Документы ВТБ\Участковая документация\Проекты\Дополн к проекту 1 юж лава\Схема устан заслонов.dwg,Model,30.08.2017 8:16:29,Андрей,Canon LBP2900,A4,0.0393701:3.39057,
C:\Документы ВТБ\Схемы\Схема вентиляции 2017.dwg,Model,01.09.2017 7:31:55,Андрей,Canon LBP2900,A4,0.0393701:3.54985,
C:\Документы ВТБ\Схемы\Схема вентиляции 2017.dwg,Model,01.09.2017 7:32:31,Андрей,Canon LBP2900,A4,0.0393701:3.54985,
C:\Документы ВТБ\Схемы\Схема вентиляции 2017.dwg,Model,08.09.2017 10:22:00,Андрей,Canon LBP2900,A4,0.0393701:2.11736,
C:\Документы ВТБ\Схемы\Докладная схема.dwg,Model,09.09.2017 11:33:49,Андрей,Canon LBP2900,A4,1:7.46971,
C:\Документы ВТБ\Схемы\Докладная схема.dwg,Model,09.09.2017 19:19:34,Андрей,Canon LBP2900,A4,0.0393701:7.46971,
C:\Документы ВТБ\Схемы\Схема вентиляции 2017.dwg,Model,18.09.2017 6:34:38,Андрей,Canon LBP2900,A4,0.0393701:3.61358,
C:\Документы ВТБ\Схемы\Схема вентиляции 2017.dwg,Model,18.09.2017 6:35:09,Андрей,Canon LBP2900,A4,0.0393701:3.61358,
C:\Документы ВТБ\Схемы\Схема вентиляции 2017.dwg,Model,18.09.2017 6:35:22,Андрей,Canon LBP2900,A4,0.0393701:3.61358,
C:\Документы ВТБ\Схемы\Схема вентиляции 2017.dwg,Model,20.09.2017 12:11:33,Андрей,Canon LBP2900,A4,0.0393701:1.20307,
C:\Документы ВТБ\Схемы\Схема вентиляции 2017.dwg,Model,20.09.2017 12:13:01,Андрей,Canon LBP2900,A4,0.0393701:1.21013,
C:\Документы ВТБ\Схемы\Схема конв.ПТК 0260917.dwg,Model,27.09.2017 8:35:04,Андрей,Canon LBP2900,A4,0.0393701:1.08336,
C:\Документы ВТБ\Схемы\Схема конв.ПТК 0260917.dwg,Model,27.09.2017 8:35:15,Андрей,Canon LBP2900,A4,0.0393701:1.08336,
C:\Документы ВТБ\Схемы\Схема конв.ПТК 0260917.dwg,Model,27.09.2017 8:35:23,Андрей,Canon LBP2900,A4,0.0393701:1.08336,
C:\Документы ВТБ\Схемы\Схема конв.ПТК 0260917.dwg,Model,27.09.2017 8:35:30,Андрей,Canon LBP2900,A4,0.0393701:1.08336,
C:\Документы ВТБ\Схемы\Схема вентиляции 2017.dwg,Model,04.10.2017 9:57:29,Андрей,Canon LBP2900,A4,0.0393701:0.995344,
C:\Документы ВТБ\Схемы\Схема вентиляции 2017.dwg,Model,04.10.2017 9:58:04,Андрей,Canon LBP2900,A4,0.0393701:1.17543,
C:\Документы ВТБ\Схемы\Докладная схема.dwg,Model,21.10.2017 10:05:24,Андрей,Canon LBP2900,A4,0.0393701:7.46971,
C:\Документы ВТБ\Схемы\Докладная схема.dwg,Model,21.10.2017 10:06:11,Андрей,Canon LBP2900,A4,0.0393701:7.46971,
C:\Документы ВТБ\Схемы\Докладная схема.dwg,Model,21.10.2017 10:06:58,Андрей,Canon LBP2900,A4,0.0393701:7.46971,
C:\Документы ВТБ\Схемы\Докладная схема.dwg,Model,21.10.2017 10:08:15,Андрей,Canon LBP2900,A4,0.0393701:7.46971,
C:\Документы ВТБ\Схемы\Докладная схема.dwg,Model,21.10.2017 10:11:26,Андрей,Canon LBP2900,A4,0.0393701:7.46971,
C:\Документы ВТБ\Схемы\Докладная схема.dwg,Model,21.10.2017 10:21:40,Андрей,Canon LBP2900,A4,0.0393701:7.46971,
C:\Документы ВТБ\Схемы\Докладная схема.dwg,Model,21.10.2017 10:27:45,Андрей,Canon LBP2900,A4,0.0393701:7.46971,
C:\Документы ВТБ\Схемы\Схема вентиляции 2017.dwg,Model,01.11.2017 10:47:41,Андрей,Canon LBP2900,A4,0.0393701:1.30022,
C:\Документы ВТБ\Схемы\Схема вентиляции 2017.dwg,Model,01.11.2017 10:58:41,Андрей,Canon LBP2900,A4,0.0393701:1.02723,
C:\Documents and Settings\Андрей\Рабочий стол\VTB\Схемы\Схема вентиляции 2017.dwg,Model,06.12.2017 8:54:19,Андрей,Canon LBP2900,A4,0.0393701:3.54985,
C:\Documents and Settings\Андрей\Рабочий стол\VTB\Схемы\Схема вентиляции 2017.dwg,Model,06.12.2017 8:54:45,Андрей,Canon LBP2900,A4,0.0393701:3.54985,
C:\Documents and Settings\Андрей\Рабочий стол\VTB\Схемы\Схема вентиляции 2017.dwg,Model,06.12.2017 12:43:03,Андрей,Canon LBP2900,A4,0.0393701:2.35292,
C:\Documents and Settings\Андрей\Рабочий стол\VTB\Схемы\Схема вентиляции 2017.dwg,Model,06.12.2017 12:43:21,Андрей,Canon LBP2900,A4,0.0393701:2.35292,
C:\Documents and Settings\Андрей\Рабочий стол\VTB\Схемы\Схема вентиляции 2017.dwg,Model,06.12.2017 12:43:39,Андрей,Canon LBP2900,A4,0.0393701:2.35292,
C:\Documents and Settings\Андрей\Рабочий стол\VTB\Схемы\Схема вентиляции 2017.dwg,Model,06.12.2017 12:43:52,Андрей,Canon LBP2900,A4,0.0393701:2.35292,
C:\Documents and Settings\Андрей\Рабочий стол\VTB\Схемы\Схема вентиляции 2017.dwg,Model,07.12.2017 11:06:38,Андрей,Canon LBP2900,A4,0.0393701:2.35292,
C:\Documents and Settings\Андрей\Рабочий стол\VTB\Схемы\Схема вентиляции 2017.dwg,Model,07.12.2017 11:07:03,Андрей,Canon LBP2900,A4,0.0393701:2.35292,
C:\Documents and Settings\Андрей\Рабочий стол\VTB\Схемы\Схема вентиляции 2017.dwg,Model,07.12.2017 11:07:15,Андрей,Canon LBP2900,A4,0.0393701:2.35292,
C:\Documents and Settings\Андрей\Рабочий стол\VTB\Схемы\Схема вентиляции 2017.dwg,Model,07.12.2017 11:07:30,Андрей,Canon LBP2900,A4,0.0393701:2.35292,
